<?xml version="1.0" encoding="UTF-8"?>
<!-- Generated by org.testng.reporters.JUnitXMLReporter -->
<testsuite ignored="0" hostname="DESKTOP-SI0O7JB" failures="0" tests="3" name="Test" time="30.626" errors="0" timestamp="2023-07-19T01:00:25 IST">
  <testcase classname="newDemo.GooglPay" name="GooglePaytest" time="11.447"/>
  <testcase classname="newDemo.paytm" name="paytmtest" time="11.07"/>
  <testcase classname="newDemo.PhonePay" name="PhonePaytest" time="7.929"/>
</testsuite> <!-- Test -->
